[2022-10-28T21:54:09.677+0000] {taskinstance.py:1165} INFO - Dependencies all met for <TaskInstance: carga_tb_carteira.add_valor_acao manual__2022-10-28T21:53:56.650712+00:00 [queued]>
[2022-10-28T21:54:09.685+0000] {taskinstance.py:1165} INFO - Dependencies all met for <TaskInstance: carga_tb_carteira.add_valor_acao manual__2022-10-28T21:53:56.650712+00:00 [queued]>
[2022-10-28T21:54:09.686+0000] {taskinstance.py:1362} INFO - 
--------------------------------------------------------------------------------
[2022-10-28T21:54:09.686+0000] {taskinstance.py:1363} INFO - Starting attempt 1 of 2
[2022-10-28T21:54:09.686+0000] {taskinstance.py:1364} INFO - 
--------------------------------------------------------------------------------
[2022-10-28T21:54:09.700+0000] {taskinstance.py:1383} INFO - Executing <Task(PythonOperator): add_valor_acao> on 2022-10-28 21:53:56.650712+00:00
[2022-10-28T21:54:09.706+0000] {standard_task_runner.py:55} INFO - Started process 8511 to run task
[2022-10-28T21:54:09.710+0000] {standard_task_runner.py:82} INFO - Running: ['airflow', 'tasks', 'run', 'carga_tb_carteira', 'add_valor_acao', 'manual__2022-10-28T21:53:56.650712+00:00', '--job-id', '37', '--raw', '--subdir', 'DAGS_FOLDER/carga_tb_carteira.py', '--cfg-path', '/tmp/tmp0tr3cisb']
[2022-10-28T21:54:09.713+0000] {standard_task_runner.py:83} INFO - Job 37: Subtask add_valor_acao
[2022-10-28T21:54:09.767+0000] {task_command.py:376} INFO - Running <TaskInstance: carga_tb_carteira.add_valor_acao manual__2022-10-28T21:53:56.650712+00:00 [running]> on host cs-1097450612417-default
[2022-10-28T21:54:09.827+0000] {taskinstance.py:1590} INFO - Exporting the following env vars:
AIRFLOW_CTX_DAG_EMAIL=airflow@example.com
AIRFLOW_CTX_DAG_OWNER=Marcelo Henrique
AIRFLOW_CTX_DAG_ID=carga_tb_carteira
AIRFLOW_CTX_TASK_ID=add_valor_acao
AIRFLOW_CTX_EXECUTION_DATE=2022-10-28T21:53:56.650712+00:00
AIRFLOW_CTX_TRY_NUMBER=1
AIRFLOW_CTX_DAG_RUN_ID=manual__2022-10-28T21:53:56.650712+00:00
[2022-10-28T21:54:13.151+0000] {python.py:177} INFO - Done. Returned value was: None
[2022-10-28T21:54:13.157+0000] {taskinstance.py:1401} INFO - Marking task as SUCCESS. dag_id=carga_tb_carteira, task_id=add_valor_acao, execution_date=20221028T215356, start_date=20221028T215409, end_date=20221028T215413
[2022-10-28T21:54:13.212+0000] {local_task_job.py:164} INFO - Task exited with return code 0
[2022-10-28T21:54:13.246+0000] {local_task_job.py:273} INFO - 1 downstream tasks scheduled from follow-on schedule check
