[2022-10-28T23:09:21.077+0000] {taskinstance.py:1165} INFO - Dependencies all met for <TaskInstance: carga_tb_carteira.eviando_arquivo_tb_carteira manual__2022-10-28T23:08:41.781397+00:00 [queued]>
[2022-10-28T23:09:21.087+0000] {taskinstance.py:1165} INFO - Dependencies all met for <TaskInstance: carga_tb_carteira.eviando_arquivo_tb_carteira manual__2022-10-28T23:08:41.781397+00:00 [queued]>
[2022-10-28T23:09:21.087+0000] {taskinstance.py:1362} INFO - 
--------------------------------------------------------------------------------
[2022-10-28T23:09:21.087+0000] {taskinstance.py:1363} INFO - Starting attempt 1 of 2
[2022-10-28T23:09:21.087+0000] {taskinstance.py:1364} INFO - 
--------------------------------------------------------------------------------
[2022-10-28T23:09:21.106+0000] {taskinstance.py:1383} INFO - Executing <Task(LocalFilesystemToGCSOperator): eviando_arquivo_tb_carteira> on 2022-10-28 23:08:41.781397+00:00
[2022-10-28T23:09:21.113+0000] {standard_task_runner.py:55} INFO - Started process 24685 to run task
[2022-10-28T23:09:21.117+0000] {standard_task_runner.py:82} INFO - Running: ['airflow', 'tasks', 'run', 'carga_tb_carteira', 'eviando_arquivo_tb_carteira', 'manual__2022-10-28T23:08:41.781397+00:00', '--job-id', '114', '--raw', '--subdir', 'DAGS_FOLDER/carga_tb_carteira.py', '--cfg-path', '/tmp/tmpm8t088_6']
[2022-10-28T23:09:21.120+0000] {standard_task_runner.py:83} INFO - Job 114: Subtask eviando_arquivo_tb_carteira
[2022-10-28T23:09:21.185+0000] {task_command.py:376} INFO - Running <TaskInstance: carga_tb_carteira.eviando_arquivo_tb_carteira manual__2022-10-28T23:08:41.781397+00:00 [running]> on host cs-1097450612417-default
[2022-10-28T23:09:21.267+0000] {taskinstance.py:1590} INFO - Exporting the following env vars:
AIRFLOW_CTX_DAG_EMAIL=airflow@example.com
AIRFLOW_CTX_DAG_OWNER=Marcelo Henrique
AIRFLOW_CTX_DAG_ID=carga_tb_carteira
AIRFLOW_CTX_TASK_ID=eviando_arquivo_tb_carteira
AIRFLOW_CTX_EXECUTION_DATE=2022-10-28T23:08:41.781397+00:00
AIRFLOW_CTX_TRY_NUMBER=1
AIRFLOW_CTX_DAG_RUN_ID=manual__2022-10-28T23:08:41.781397+00:00
[2022-10-28T23:09:21.274+0000] {base.py:71} INFO - Using connection ID 'gcp_conn' for task execution.
[2022-10-28T23:09:21.637+0000] {gcs.py:518} INFO - File /home/marcelohenriqueleite35/carteira_ativos/data/trusted/TB_CARTEIRA.csv uploaded to TB_CARTEIRA.csv in carteira_acoes bucket
[2022-10-28T23:09:21.643+0000] {taskinstance.py:1401} INFO - Marking task as SUCCESS. dag_id=carga_tb_carteira, task_id=eviando_arquivo_tb_carteira, execution_date=20221028T230841, start_date=20221028T230921, end_date=20221028T230921
[2022-10-28T23:09:21.691+0000] {local_task_job.py:164} INFO - Task exited with return code 0
[2022-10-28T23:09:21.720+0000] {local_task_job.py:273} INFO - 1 downstream tasks scheduled from follow-on schedule check
