[2022-10-28T22:59:25.037+0000] {taskinstance.py:1165} INFO - Dependencies all met for <TaskInstance: carga_tb_carteira.delete_table manual__2022-10-28T22:44:41.937348+00:00 [queued]>
[2022-10-28T22:59:25.045+0000] {taskinstance.py:1165} INFO - Dependencies all met for <TaskInstance: carga_tb_carteira.delete_table manual__2022-10-28T22:44:41.937348+00:00 [queued]>
[2022-10-28T22:59:25.045+0000] {taskinstance.py:1362} INFO - 
--------------------------------------------------------------------------------
[2022-10-28T22:59:25.045+0000] {taskinstance.py:1363} INFO - Starting attempt 6 of 7
[2022-10-28T22:59:25.045+0000] {taskinstance.py:1364} INFO - 
--------------------------------------------------------------------------------
[2022-10-28T22:59:25.061+0000] {taskinstance.py:1383} INFO - Executing <Task(BigQueryDeleteTableOperator): delete_table> on 2022-10-28 22:44:41.937348+00:00
[2022-10-28T22:59:25.067+0000] {standard_task_runner.py:55} INFO - Started process 22386 to run task
[2022-10-28T22:59:25.072+0000] {standard_task_runner.py:82} INFO - Running: ['airflow', 'tasks', 'run', 'carga_tb_carteira', 'delete_table', 'manual__2022-10-28T22:44:41.937348+00:00', '--job-id', '102', '--raw', '--subdir', 'DAGS_FOLDER/carga_tb_carteira.py', '--cfg-path', '/tmp/tmp8bsqbheg']
[2022-10-28T22:59:25.076+0000] {standard_task_runner.py:83} INFO - Job 102: Subtask delete_table
[2022-10-28T22:59:25.145+0000] {task_command.py:376} INFO - Running <TaskInstance: carga_tb_carteira.delete_table manual__2022-10-28T22:44:41.937348+00:00 [running]> on host cs-1097450612417-default
[2022-10-28T22:59:25.220+0000] {taskinstance.py:1590} INFO - Exporting the following env vars:
AIRFLOW_CTX_DAG_EMAIL=airflow@example.com
AIRFLOW_CTX_DAG_OWNER=Marcelo Henrique
AIRFLOW_CTX_DAG_ID=carga_tb_carteira
AIRFLOW_CTX_TASK_ID=delete_table
AIRFLOW_CTX_EXECUTION_DATE=2022-10-28T22:44:41.937348+00:00
AIRFLOW_CTX_TRY_NUMBER=6
AIRFLOW_CTX_DAG_RUN_ID=manual__2022-10-28T22:44:41.937348+00:00
[2022-10-28T22:59:25.221+0000] {bigquery.py:2326} INFO - Deleting: tech-visa-jobs.carteira_acoes.TB_CARTEIRA
[2022-10-28T22:59:25.227+0000] {base.py:71} INFO - Using connection ID 'gcp_conn' for task execution.
[2022-10-28T22:59:25.417+0000] {bigquery.py:1185} INFO - Deleted table tech-visa-jobs.carteira_acoes.TB_CARTEIRA
[2022-10-28T22:59:25.432+0000] {taskinstance.py:1401} INFO - Marking task as SUCCESS. dag_id=carga_tb_carteira, task_id=delete_table, execution_date=20221028T224441, start_date=20221028T225925, end_date=20221028T225925
[2022-10-28T22:59:25.489+0000] {local_task_job.py:164} INFO - Task exited with return code 0
[2022-10-28T22:59:25.521+0000] {local_task_job.py:273} INFO - 1 downstream tasks scheduled from follow-on schedule check
