[2022-10-28T22:45:34.294+0000] {taskinstance.py:1165} INFO - Dependencies all met for <TaskInstance: carga_tb_carteira.delete_table manual__2022-10-28T22:44:41.937348+00:00 [queued]>
[2022-10-28T22:45:34.312+0000] {taskinstance.py:1165} INFO - Dependencies all met for <TaskInstance: carga_tb_carteira.delete_table manual__2022-10-28T22:44:41.937348+00:00 [queued]>
[2022-10-28T22:45:34.313+0000] {taskinstance.py:1362} INFO - 
--------------------------------------------------------------------------------
[2022-10-28T22:45:34.313+0000] {taskinstance.py:1363} INFO - Starting attempt 2 of 2
[2022-10-28T22:45:34.313+0000] {taskinstance.py:1364} INFO - 
--------------------------------------------------------------------------------
[2022-10-28T22:45:34.339+0000] {taskinstance.py:1383} INFO - Executing <Task(BigQueryDeleteTableOperator): delete_table> on 2022-10-28 22:44:41.937348+00:00
[2022-10-28T22:45:34.345+0000] {standard_task_runner.py:55} INFO - Started process 19631 to run task
[2022-10-28T22:45:34.351+0000] {standard_task_runner.py:82} INFO - Running: ['airflow', 'tasks', 'run', 'carga_tb_carteira', 'delete_table', 'manual__2022-10-28T22:44:41.937348+00:00', '--job-id', '95', '--raw', '--subdir', 'DAGS_FOLDER/carga_tb_carteira.py', '--cfg-path', '/tmp/tmpsqi4vv8t']
[2022-10-28T22:45:34.354+0000] {standard_task_runner.py:83} INFO - Job 95: Subtask delete_table
[2022-10-28T22:45:34.437+0000] {task_command.py:376} INFO - Running <TaskInstance: carga_tb_carteira.delete_table manual__2022-10-28T22:44:41.937348+00:00 [running]> on host cs-1097450612417-default
[2022-10-28T22:45:34.516+0000] {taskinstance.py:1590} INFO - Exporting the following env vars:
AIRFLOW_CTX_DAG_EMAIL=airflow@example.com
AIRFLOW_CTX_DAG_OWNER=Marcelo Henrique
AIRFLOW_CTX_DAG_ID=carga_tb_carteira
AIRFLOW_CTX_TASK_ID=delete_table
AIRFLOW_CTX_EXECUTION_DATE=2022-10-28T22:44:41.937348+00:00
AIRFLOW_CTX_TRY_NUMBER=2
AIRFLOW_CTX_DAG_RUN_ID=manual__2022-10-28T22:44:41.937348+00:00
[2022-10-28T22:45:34.518+0000] {bigquery.py:2326} INFO - Deleting: tech-visa-jobs.carteira_acoes.TB_CARTEIRA
[2022-10-28T22:45:34.529+0000] {base.py:71} INFO - Using connection ID 'gcp_conn' for task execution.
[2022-10-28T22:45:34.817+0000] {bigquery.py:1185} INFO - Deleted table tech-visa-jobs.carteira_acoes.TB_CARTEIRA
[2022-10-28T22:45:34.826+0000] {taskinstance.py:1401} INFO - Marking task as SUCCESS. dag_id=carga_tb_carteira, task_id=delete_table, execution_date=20221028T224441, start_date=20221028T224534, end_date=20221028T224534
[2022-10-28T22:45:34.884+0000] {local_task_job.py:164} INFO - Task exited with return code 0
[2022-10-28T22:45:34.919+0000] {local_task_job.py:273} INFO - 1 downstream tasks scheduled from follow-on schedule check
