[2022-10-28T22:21:39.897+0000] {taskinstance.py:1165} INFO - Dependencies all met for <TaskInstance: carga_tb_carteira.eviando_arquivo_tb_carteira manual__2022-10-28T22:21:29.704070+00:00 [queued]>
[2022-10-28T22:21:39.906+0000] {taskinstance.py:1165} INFO - Dependencies all met for <TaskInstance: carga_tb_carteira.eviando_arquivo_tb_carteira manual__2022-10-28T22:21:29.704070+00:00 [queued]>
[2022-10-28T22:21:39.907+0000] {taskinstance.py:1362} INFO - 
--------------------------------------------------------------------------------
[2022-10-28T22:21:39.907+0000] {taskinstance.py:1363} INFO - Starting attempt 1 of 2
[2022-10-28T22:21:39.907+0000] {taskinstance.py:1364} INFO - 
--------------------------------------------------------------------------------
[2022-10-28T22:21:39.926+0000] {taskinstance.py:1383} INFO - Executing <Task(LocalFilesystemToGCSOperator): eviando_arquivo_tb_carteira> on 2022-10-28 22:21:29.704070+00:00
[2022-10-28T22:21:39.931+0000] {standard_task_runner.py:55} INFO - Started process 14897 to run task
[2022-10-28T22:21:39.936+0000] {standard_task_runner.py:82} INFO - Running: ['airflow', 'tasks', 'run', 'carga_tb_carteira', 'eviando_arquivo_tb_carteira', 'manual__2022-10-28T22:21:29.704070+00:00', '--job-id', '53', '--raw', '--subdir', 'DAGS_FOLDER/carga_tb_carteira.py', '--cfg-path', '/tmp/tmpl1c1obuo']
[2022-10-28T22:21:39.939+0000] {standard_task_runner.py:83} INFO - Job 53: Subtask eviando_arquivo_tb_carteira
[2022-10-28T22:21:39.993+0000] {task_command.py:376} INFO - Running <TaskInstance: carga_tb_carteira.eviando_arquivo_tb_carteira manual__2022-10-28T22:21:29.704070+00:00 [running]> on host cs-1097450612417-default
[2022-10-28T22:21:40.059+0000] {taskinstance.py:1590} INFO - Exporting the following env vars:
AIRFLOW_CTX_DAG_EMAIL=airflow@example.com
AIRFLOW_CTX_DAG_OWNER=Marcelo Henrique
AIRFLOW_CTX_DAG_ID=carga_tb_carteira
AIRFLOW_CTX_TASK_ID=eviando_arquivo_tb_carteira
AIRFLOW_CTX_EXECUTION_DATE=2022-10-28T22:21:29.704070+00:00
AIRFLOW_CTX_TRY_NUMBER=1
AIRFLOW_CTX_DAG_RUN_ID=manual__2022-10-28T22:21:29.704070+00:00
[2022-10-28T22:21:40.065+0000] {base.py:71} INFO - Using connection ID 'gcp_conn' for task execution.
[2022-10-28T22:21:40.340+0000] {gcs.py:518} INFO - File /home/marcelohenriqueleite35/carteira_ativos/data/trusted/TB_CARTEIRA.csv uploaded to TB_CARTEIRA.csv in carteira_acoes bucket
[2022-10-28T22:21:40.345+0000] {taskinstance.py:1401} INFO - Marking task as SUCCESS. dag_id=carga_tb_carteira, task_id=eviando_arquivo_tb_carteira, execution_date=20221028T222129, start_date=20221028T222139, end_date=20221028T222140
[2022-10-28T22:21:40.388+0000] {local_task_job.py:164} INFO - Task exited with return code 0
[2022-10-28T22:21:40.408+0000] {local_task_job.py:273} INFO - 0 downstream tasks scheduled from follow-on schedule check
