[2022-10-28T23:09:14.685+0000] {taskinstance.py:1165} INFO - Dependencies all met for <TaskInstance: carga_tb_carteira.adicionado_meta_participacao_carteira manual__2022-10-28T23:08:41.781397+00:00 [queued]>
[2022-10-28T23:09:14.694+0000] {taskinstance.py:1165} INFO - Dependencies all met for <TaskInstance: carga_tb_carteira.adicionado_meta_participacao_carteira manual__2022-10-28T23:08:41.781397+00:00 [queued]>
[2022-10-28T23:09:14.694+0000] {taskinstance.py:1362} INFO - 
--------------------------------------------------------------------------------
[2022-10-28T23:09:14.694+0000] {taskinstance.py:1363} INFO - Starting attempt 1 of 2
[2022-10-28T23:09:14.694+0000] {taskinstance.py:1364} INFO - 
--------------------------------------------------------------------------------
[2022-10-28T23:09:14.717+0000] {taskinstance.py:1383} INFO - Executing <Task(PythonOperator): adicionado_meta_participacao_carteira> on 2022-10-28 23:08:41.781397+00:00
[2022-10-28T23:09:14.723+0000] {standard_task_runner.py:55} INFO - Started process 24666 to run task
[2022-10-28T23:09:14.729+0000] {standard_task_runner.py:82} INFO - Running: ['airflow', 'tasks', 'run', 'carga_tb_carteira', 'adicionado_meta_participacao_carteira', 'manual__2022-10-28T23:08:41.781397+00:00', '--job-id', '112', '--raw', '--subdir', 'DAGS_FOLDER/carga_tb_carteira.py', '--cfg-path', '/tmp/tmp2g3owpon']
[2022-10-28T23:09:14.732+0000] {standard_task_runner.py:83} INFO - Job 112: Subtask adicionado_meta_participacao_carteira
[2022-10-28T23:09:14.796+0000] {task_command.py:376} INFO - Running <TaskInstance: carga_tb_carteira.adicionado_meta_participacao_carteira manual__2022-10-28T23:08:41.781397+00:00 [running]> on host cs-1097450612417-default
[2022-10-28T23:09:14.859+0000] {taskinstance.py:1590} INFO - Exporting the following env vars:
AIRFLOW_CTX_DAG_EMAIL=airflow@example.com
AIRFLOW_CTX_DAG_OWNER=Marcelo Henrique
AIRFLOW_CTX_DAG_ID=carga_tb_carteira
AIRFLOW_CTX_TASK_ID=adicionado_meta_participacao_carteira
AIRFLOW_CTX_EXECUTION_DATE=2022-10-28T23:08:41.781397+00:00
AIRFLOW_CTX_TRY_NUMBER=1
AIRFLOW_CTX_DAG_RUN_ID=manual__2022-10-28T23:08:41.781397+00:00
[2022-10-28T23:09:14.882+0000] {python.py:177} INFO - Done. Returned value was: None
[2022-10-28T23:09:14.888+0000] {taskinstance.py:1401} INFO - Marking task as SUCCESS. dag_id=carga_tb_carteira, task_id=adicionado_meta_participacao_carteira, execution_date=20221028T230841, start_date=20221028T230914, end_date=20221028T230914
[2022-10-28T23:09:14.942+0000] {local_task_job.py:164} INFO - Task exited with return code 0
[2022-10-28T23:09:14.974+0000] {local_task_job.py:273} INFO - 1 downstream tasks scheduled from follow-on schedule check
