[2022-10-28T22:29:42.588+0000] {taskinstance.py:1165} INFO - Dependencies all met for <TaskInstance: carga_tb_carteira.adicionado_lucro_e_criado_TB_CARTEIRA manual__2022-10-28T22:28:57.533945+00:00 [queued]>
[2022-10-28T22:29:42.596+0000] {taskinstance.py:1165} INFO - Dependencies all met for <TaskInstance: carga_tb_carteira.adicionado_lucro_e_criado_TB_CARTEIRA manual__2022-10-28T22:28:57.533945+00:00 [queued]>
[2022-10-28T22:29:42.596+0000] {taskinstance.py:1362} INFO - 
--------------------------------------------------------------------------------
[2022-10-28T22:29:42.597+0000] {taskinstance.py:1363} INFO - Starting attempt 1 of 2
[2022-10-28T22:29:42.597+0000] {taskinstance.py:1364} INFO - 
--------------------------------------------------------------------------------
[2022-10-28T22:29:42.616+0000] {taskinstance.py:1383} INFO - Executing <Task(PythonOperator): adicionado_lucro_e_criado_TB_CARTEIRA> on 2022-10-28 22:28:57.533945+00:00
[2022-10-28T22:29:42.628+0000] {standard_task_runner.py:82} INFO - Running: ['airflow', 'tasks', 'run', 'carga_tb_carteira', 'adicionado_lucro_e_criado_TB_CARTEIRA', 'manual__2022-10-28T22:28:57.533945+00:00', '--job-id', '70', '--raw', '--subdir', 'DAGS_FOLDER/carga_tb_carteira.py', '--cfg-path', '/tmp/tmpx8o0md6c']
[2022-10-28T22:29:42.632+0000] {standard_task_runner.py:83} INFO - Job 70: Subtask adicionado_lucro_e_criado_TB_CARTEIRA
[2022-10-28T22:29:42.623+0000] {standard_task_runner.py:55} INFO - Started process 16463 to run task
[2022-10-28T22:29:42.692+0000] {task_command.py:376} INFO - Running <TaskInstance: carga_tb_carteira.adicionado_lucro_e_criado_TB_CARTEIRA manual__2022-10-28T22:28:57.533945+00:00 [running]> on host cs-1097450612417-default
[2022-10-28T22:29:42.754+0000] {taskinstance.py:1590} INFO - Exporting the following env vars:
AIRFLOW_CTX_DAG_EMAIL=airflow@example.com
AIRFLOW_CTX_DAG_OWNER=Marcelo Henrique
AIRFLOW_CTX_DAG_ID=carga_tb_carteira
AIRFLOW_CTX_TASK_ID=adicionado_lucro_e_criado_TB_CARTEIRA
AIRFLOW_CTX_EXECUTION_DATE=2022-10-28T22:28:57.533945+00:00
AIRFLOW_CTX_TRY_NUMBER=1
AIRFLOW_CTX_DAG_RUN_ID=manual__2022-10-28T22:28:57.533945+00:00
[2022-10-28T22:29:42.770+0000] {python.py:177} INFO - Done. Returned value was: None
[2022-10-28T22:29:42.776+0000] {taskinstance.py:1401} INFO - Marking task as SUCCESS. dag_id=carga_tb_carteira, task_id=adicionado_lucro_e_criado_TB_CARTEIRA, execution_date=20221028T222857, start_date=20221028T222942, end_date=20221028T222942
[2022-10-28T22:29:42.811+0000] {local_task_job.py:164} INFO - Task exited with return code 0
[2022-10-28T22:29:42.841+0000] {local_task_job.py:273} INFO - 0 downstream tasks scheduled from follow-on schedule check
