[2022-10-28T22:21:46.498+0000] {taskinstance.py:1165} INFO - Dependencies all met for <TaskInstance: carga_tb_carteira.adicionando_valor_medio_por_acao manual__2022-10-28T22:21:29.704070+00:00 [queued]>
[2022-10-28T22:21:46.507+0000] {taskinstance.py:1165} INFO - Dependencies all met for <TaskInstance: carga_tb_carteira.adicionando_valor_medio_por_acao manual__2022-10-28T22:21:29.704070+00:00 [queued]>
[2022-10-28T22:21:46.507+0000] {taskinstance.py:1362} INFO - 
--------------------------------------------------------------------------------
[2022-10-28T22:21:46.507+0000] {taskinstance.py:1363} INFO - Starting attempt 1 of 2
[2022-10-28T22:21:46.507+0000] {taskinstance.py:1364} INFO - 
--------------------------------------------------------------------------------
[2022-10-28T22:21:46.524+0000] {taskinstance.py:1383} INFO - Executing <Task(PythonOperator): adicionando_valor_medio_por_acao> on 2022-10-28 22:21:29.704070+00:00
[2022-10-28T22:21:46.530+0000] {standard_task_runner.py:55} INFO - Started process 14913 to run task
[2022-10-28T22:21:46.536+0000] {standard_task_runner.py:82} INFO - Running: ['airflow', 'tasks', 'run', 'carga_tb_carteira', 'adicionando_valor_medio_por_acao', 'manual__2022-10-28T22:21:29.704070+00:00', '--job-id', '55', '--raw', '--subdir', 'DAGS_FOLDER/carga_tb_carteira.py', '--cfg-path', '/tmp/tmpno7rvcar']
[2022-10-28T22:21:46.539+0000] {standard_task_runner.py:83} INFO - Job 55: Subtask adicionando_valor_medio_por_acao
[2022-10-28T22:21:46.599+0000] {task_command.py:376} INFO - Running <TaskInstance: carga_tb_carteira.adicionando_valor_medio_por_acao manual__2022-10-28T22:21:29.704070+00:00 [running]> on host cs-1097450612417-default
[2022-10-28T22:21:46.668+0000] {taskinstance.py:1590} INFO - Exporting the following env vars:
AIRFLOW_CTX_DAG_EMAIL=airflow@example.com
AIRFLOW_CTX_DAG_OWNER=Marcelo Henrique
AIRFLOW_CTX_DAG_ID=carga_tb_carteira
AIRFLOW_CTX_TASK_ID=adicionando_valor_medio_por_acao
AIRFLOW_CTX_EXECUTION_DATE=2022-10-28T22:21:29.704070+00:00
AIRFLOW_CTX_TRY_NUMBER=1
AIRFLOW_CTX_DAG_RUN_ID=manual__2022-10-28T22:21:29.704070+00:00
[2022-10-28T22:21:46.690+0000] {python.py:177} INFO - Done. Returned value was: None
[2022-10-28T22:21:46.695+0000] {taskinstance.py:1401} INFO - Marking task as SUCCESS. dag_id=carga_tb_carteira, task_id=adicionando_valor_medio_por_acao, execution_date=20221028T222129, start_date=20221028T222146, end_date=20221028T222146
[2022-10-28T22:21:46.747+0000] {local_task_job.py:164} INFO - Task exited with return code 0
[2022-10-28T22:21:46.781+0000] {local_task_job.py:273} INFO - 1 downstream tasks scheduled from follow-on schedule check
