[2022-10-28T22:14:41.945+0000] {taskinstance.py:1165} INFO - Dependencies all met for <TaskInstance: carga_tb_carteira.adicionado_lucro_e_criado_TB_CARTEIRA manual__2022-10-28T22:14:08.794558+00:00 [queued]>
[2022-10-28T22:14:41.954+0000] {taskinstance.py:1165} INFO - Dependencies all met for <TaskInstance: carga_tb_carteira.adicionado_lucro_e_criado_TB_CARTEIRA manual__2022-10-28T22:14:08.794558+00:00 [queued]>
[2022-10-28T22:14:41.954+0000] {taskinstance.py:1362} INFO - 
--------------------------------------------------------------------------------
[2022-10-28T22:14:41.954+0000] {taskinstance.py:1363} INFO - Starting attempt 1 of 2
[2022-10-28T22:14:41.955+0000] {taskinstance.py:1364} INFO - 
--------------------------------------------------------------------------------
[2022-10-28T22:14:41.972+0000] {taskinstance.py:1383} INFO - Executing <Task(PythonOperator): adicionado_lucro_e_criado_TB_CARTEIRA> on 2022-10-28 22:14:08.794558+00:00
[2022-10-28T22:14:41.977+0000] {standard_task_runner.py:55} INFO - Started process 13096 to run task
[2022-10-28T22:14:41.982+0000] {standard_task_runner.py:82} INFO - Running: ['airflow', 'tasks', 'run', 'carga_tb_carteira', 'adicionado_lucro_e_criado_TB_CARTEIRA', 'manual__2022-10-28T22:14:08.794558+00:00', '--job-id', '50', '--raw', '--subdir', 'DAGS_FOLDER/carga_tb_carteira.py', '--cfg-path', '/tmp/tmpjbzbbz3l']
[2022-10-28T22:14:41.985+0000] {standard_task_runner.py:83} INFO - Job 50: Subtask adicionado_lucro_e_criado_TB_CARTEIRA
[2022-10-28T22:14:42.046+0000] {task_command.py:376} INFO - Running <TaskInstance: carga_tb_carteira.adicionado_lucro_e_criado_TB_CARTEIRA manual__2022-10-28T22:14:08.794558+00:00 [running]> on host cs-1097450612417-default
[2022-10-28T22:14:42.102+0000] {taskinstance.py:1590} INFO - Exporting the following env vars:
AIRFLOW_CTX_DAG_EMAIL=airflow@example.com
AIRFLOW_CTX_DAG_OWNER=Marcelo Henrique
AIRFLOW_CTX_DAG_ID=carga_tb_carteira
AIRFLOW_CTX_TASK_ID=adicionado_lucro_e_criado_TB_CARTEIRA
AIRFLOW_CTX_EXECUTION_DATE=2022-10-28T22:14:08.794558+00:00
AIRFLOW_CTX_TRY_NUMBER=1
AIRFLOW_CTX_DAG_RUN_ID=manual__2022-10-28T22:14:08.794558+00:00
[2022-10-28T22:14:42.120+0000] {python.py:177} INFO - Done. Returned value was: None
[2022-10-28T22:14:42.126+0000] {taskinstance.py:1401} INFO - Marking task as SUCCESS. dag_id=carga_tb_carteira, task_id=adicionado_lucro_e_criado_TB_CARTEIRA, execution_date=20221028T221408, start_date=20221028T221441, end_date=20221028T221442
[2022-10-28T22:14:42.155+0000] {local_task_job.py:164} INFO - Task exited with return code 0
[2022-10-28T22:14:42.175+0000] {local_task_job.py:273} INFO - 0 downstream tasks scheduled from follow-on schedule check
