[2022-10-28T23:09:06.285+0000] {taskinstance.py:1165} INFO - Dependencies all met for <TaskInstance: carga_tb_carteira.adicionando_cotacao_acao manual__2022-10-28T23:08:41.781397+00:00 [queued]>
[2022-10-28T23:09:06.294+0000] {taskinstance.py:1165} INFO - Dependencies all met for <TaskInstance: carga_tb_carteira.adicionando_cotacao_acao manual__2022-10-28T23:08:41.781397+00:00 [queued]>
[2022-10-28T23:09:06.294+0000] {taskinstance.py:1362} INFO - 
--------------------------------------------------------------------------------
[2022-10-28T23:09:06.294+0000] {taskinstance.py:1363} INFO - Starting attempt 1 of 2
[2022-10-28T23:09:06.294+0000] {taskinstance.py:1364} INFO - 
--------------------------------------------------------------------------------
[2022-10-28T23:09:06.314+0000] {taskinstance.py:1383} INFO - Executing <Task(PythonOperator): adicionando_cotacao_acao> on 2022-10-28 23:08:41.781397+00:00
[2022-10-28T23:09:06.320+0000] {standard_task_runner.py:55} INFO - Started process 24602 to run task
[2022-10-28T23:09:06.325+0000] {standard_task_runner.py:82} INFO - Running: ['airflow', 'tasks', 'run', 'carga_tb_carteira', 'adicionando_cotacao_acao', 'manual__2022-10-28T23:08:41.781397+00:00', '--job-id', '110', '--raw', '--subdir', 'DAGS_FOLDER/carga_tb_carteira.py', '--cfg-path', '/tmp/tmps4xnvdib']
[2022-10-28T23:09:06.327+0000] {standard_task_runner.py:83} INFO - Job 110: Subtask adicionando_cotacao_acao
[2022-10-28T23:09:06.388+0000] {task_command.py:376} INFO - Running <TaskInstance: carga_tb_carteira.adicionando_cotacao_acao manual__2022-10-28T23:08:41.781397+00:00 [running]> on host cs-1097450612417-default
[2022-10-28T23:09:06.454+0000] {taskinstance.py:1590} INFO - Exporting the following env vars:
AIRFLOW_CTX_DAG_EMAIL=airflow@example.com
AIRFLOW_CTX_DAG_OWNER=Marcelo Henrique
AIRFLOW_CTX_DAG_ID=carga_tb_carteira
AIRFLOW_CTX_TASK_ID=adicionando_cotacao_acao
AIRFLOW_CTX_EXECUTION_DATE=2022-10-28T23:08:41.781397+00:00
AIRFLOW_CTX_TRY_NUMBER=1
AIRFLOW_CTX_DAG_RUN_ID=manual__2022-10-28T23:08:41.781397+00:00
[2022-10-28T23:09:08.475+0000] {python.py:177} INFO - Done. Returned value was: None
[2022-10-28T23:09:08.480+0000] {taskinstance.py:1401} INFO - Marking task as SUCCESS. dag_id=carga_tb_carteira, task_id=adicionando_cotacao_acao, execution_date=20221028T230841, start_date=20221028T230906, end_date=20221028T230908
[2022-10-28T23:09:08.504+0000] {local_task_job.py:164} INFO - Task exited with return code 0
[2022-10-28T23:09:08.543+0000] {local_task_job.py:273} INFO - 1 downstream tasks scheduled from follow-on schedule check
