[2022-10-28T21:37:00.274+0000] {taskinstance.py:1165} INFO - Dependencies all met for <TaskInstance: carga_tb_carteira.create_wrk_carteira manual__2022-10-28T21:36:53.208463+00:00 [queued]>
[2022-10-28T21:37:00.376+0000] {taskinstance.py:1165} INFO - Dependencies all met for <TaskInstance: carga_tb_carteira.create_wrk_carteira manual__2022-10-28T21:36:53.208463+00:00 [queued]>
[2022-10-28T21:37:00.376+0000] {taskinstance.py:1362} INFO - 
--------------------------------------------------------------------------------
[2022-10-28T21:37:00.376+0000] {taskinstance.py:1363} INFO - Starting attempt 1 of 2
[2022-10-28T21:37:00.376+0000] {taskinstance.py:1364} INFO - 
--------------------------------------------------------------------------------
[2022-10-28T21:37:00.393+0000] {taskinstance.py:1383} INFO - Executing <Task(PythonOperator): create_wrk_carteira> on 2022-10-28 21:36:53.208463+00:00
[2022-10-28T21:37:00.398+0000] {standard_task_runner.py:55} INFO - Started process 4460 to run task
[2022-10-28T21:37:00.403+0000] {standard_task_runner.py:82} INFO - Running: ['airflow', 'tasks', 'run', 'carga_tb_carteira', 'create_wrk_carteira', 'manual__2022-10-28T21:36:53.208463+00:00', '--job-id', '31', '--raw', '--subdir', 'DAGS_FOLDER/carga_tb_carteira.py', '--cfg-path', '/tmp/tmpecta49zm']
[2022-10-28T21:37:00.406+0000] {standard_task_runner.py:83} INFO - Job 31: Subtask create_wrk_carteira
[2022-10-28T21:37:00.477+0000] {task_command.py:376} INFO - Running <TaskInstance: carga_tb_carteira.create_wrk_carteira manual__2022-10-28T21:36:53.208463+00:00 [running]> on host cs-1097450612417-default
[2022-10-28T21:37:00.545+0000] {taskinstance.py:1590} INFO - Exporting the following env vars:
AIRFLOW_CTX_DAG_EMAIL=airflow@example.com
AIRFLOW_CTX_DAG_OWNER=Marcelo Henrique
AIRFLOW_CTX_DAG_ID=carga_tb_carteira
AIRFLOW_CTX_TASK_ID=create_wrk_carteira
AIRFLOW_CTX_EXECUTION_DATE=2022-10-28T21:36:53.208463+00:00
AIRFLOW_CTX_TRY_NUMBER=1
AIRFLOW_CTX_DAG_RUN_ID=manual__2022-10-28T21:36:53.208463+00:00
[2022-10-28T21:37:00.559+0000] {python.py:177} INFO - Done. Returned value was: None
[2022-10-28T21:37:00.565+0000] {taskinstance.py:1401} INFO - Marking task as SUCCESS. dag_id=carga_tb_carteira, task_id=create_wrk_carteira, execution_date=20221028T213653, start_date=20221028T213700, end_date=20221028T213700
[2022-10-28T21:37:00.615+0000] {local_task_job.py:164} INFO - Task exited with return code 0
[2022-10-28T21:37:00.633+0000] {local_task_job.py:273} INFO - 0 downstream tasks scheduled from follow-on schedule check
