[2022-10-28T23:08:51.617+0000] {taskinstance.py:1165} INFO - Dependencies all met for <TaskInstance: carga_tb_carteira.criando_dataset manual__2022-10-28T23:08:41.781397+00:00 [queued]>
[2022-10-28T23:08:51.625+0000] {taskinstance.py:1165} INFO - Dependencies all met for <TaskInstance: carga_tb_carteira.criando_dataset manual__2022-10-28T23:08:41.781397+00:00 [queued]>
[2022-10-28T23:08:51.625+0000] {taskinstance.py:1362} INFO - 
--------------------------------------------------------------------------------
[2022-10-28T23:08:51.625+0000] {taskinstance.py:1363} INFO - Starting attempt 1 of 2
[2022-10-28T23:08:51.625+0000] {taskinstance.py:1364} INFO - 
--------------------------------------------------------------------------------
[2022-10-28T23:08:51.641+0000] {taskinstance.py:1383} INFO - Executing <Task(BigQueryCreateEmptyDatasetOperator): criando_dataset> on 2022-10-28 23:08:41.781397+00:00
[2022-10-28T23:08:51.646+0000] {standard_task_runner.py:55} INFO - Started process 24557 to run task
[2022-10-28T23:08:51.651+0000] {standard_task_runner.py:82} INFO - Running: ['airflow', 'tasks', 'run', 'carga_tb_carteira', 'criando_dataset', 'manual__2022-10-28T23:08:41.781397+00:00', '--job-id', '106', '--raw', '--subdir', 'DAGS_FOLDER/carga_tb_carteira.py', '--cfg-path', '/tmp/tmpwh4_c03z']
[2022-10-28T23:08:51.653+0000] {standard_task_runner.py:83} INFO - Job 106: Subtask criando_dataset
[2022-10-28T23:08:51.708+0000] {task_command.py:376} INFO - Running <TaskInstance: carga_tb_carteira.criando_dataset manual__2022-10-28T23:08:41.781397+00:00 [running]> on host cs-1097450612417-default
[2022-10-28T23:08:51.767+0000] {taskinstance.py:1590} INFO - Exporting the following env vars:
AIRFLOW_CTX_DAG_EMAIL=airflow@example.com
AIRFLOW_CTX_DAG_OWNER=Marcelo Henrique
AIRFLOW_CTX_DAG_ID=carga_tb_carteira
AIRFLOW_CTX_TASK_ID=criando_dataset
AIRFLOW_CTX_EXECUTION_DATE=2022-10-28T23:08:41.781397+00:00
AIRFLOW_CTX_TRY_NUMBER=1
AIRFLOW_CTX_DAG_RUN_ID=manual__2022-10-28T23:08:41.781397+00:00
[2022-10-28T23:08:51.773+0000] {base.py:71} INFO - Using connection ID 'gcp_conn' for task execution.
[2022-10-28T23:08:51.774+0000] {bigquery.py:449} INFO - datasetId was not specified in `dataset_reference`. Will use default value carteira_acoes.
[2022-10-28T23:08:51.774+0000] {bigquery.py:449} INFO - projectId was not specified in `dataset_reference`. Will use default value tech-visa-jobs.
[2022-10-28T23:08:51.774+0000] {bigquery.py:460} INFO - Creating dataset: carteira_acoes in project: tech-visa-jobs 
[2022-10-28T23:08:52.339+0000] {bigquery.py:464} INFO - Dataset created successfully.
[2022-10-28T23:08:52.358+0000] {taskinstance.py:1401} INFO - Marking task as SUCCESS. dag_id=carga_tb_carteira, task_id=criando_dataset, execution_date=20221028T230841, start_date=20221028T230851, end_date=20221028T230852
[2022-10-28T23:08:52.384+0000] {local_task_job.py:164} INFO - Task exited with return code 0
[2022-10-28T23:08:52.416+0000] {local_task_job.py:273} INFO - 1 downstream tasks scheduled from follow-on schedule check
