[2022-10-28T23:08:44.741+0000] {taskinstance.py:1165} INFO - Dependencies all met for <TaskInstance: carga_tb_carteira.criando_datalake manual__2022-10-28T23:08:41.781397+00:00 [queued]>
[2022-10-28T23:08:44.750+0000] {taskinstance.py:1165} INFO - Dependencies all met for <TaskInstance: carga_tb_carteira.criando_datalake manual__2022-10-28T23:08:41.781397+00:00 [queued]>
[2022-10-28T23:08:44.750+0000] {taskinstance.py:1362} INFO - 
--------------------------------------------------------------------------------
[2022-10-28T23:08:44.751+0000] {taskinstance.py:1363} INFO - Starting attempt 1 of 2
[2022-10-28T23:08:44.751+0000] {taskinstance.py:1364} INFO - 
--------------------------------------------------------------------------------
[2022-10-28T23:08:44.767+0000] {taskinstance.py:1383} INFO - Executing <Task(PythonOperator): criando_datalake> on 2022-10-28 23:08:41.781397+00:00
[2022-10-28T23:08:44.772+0000] {standard_task_runner.py:55} INFO - Started process 24538 to run task
[2022-10-28T23:08:44.777+0000] {standard_task_runner.py:82} INFO - Running: ['airflow', 'tasks', 'run', 'carga_tb_carteira', 'criando_datalake', 'manual__2022-10-28T23:08:41.781397+00:00', '--job-id', '104', '--raw', '--subdir', 'DAGS_FOLDER/carga_tb_carteira.py', '--cfg-path', '/tmp/tmpjn0ggp7j']
[2022-10-28T23:08:44.780+0000] {standard_task_runner.py:83} INFO - Job 104: Subtask criando_datalake
[2022-10-28T23:08:44.840+0000] {task_command.py:376} INFO - Running <TaskInstance: carga_tb_carteira.criando_datalake manual__2022-10-28T23:08:41.781397+00:00 [running]> on host cs-1097450612417-default
[2022-10-28T23:08:44.902+0000] {taskinstance.py:1590} INFO - Exporting the following env vars:
AIRFLOW_CTX_DAG_EMAIL=airflow@example.com
AIRFLOW_CTX_DAG_OWNER=Marcelo Henrique
AIRFLOW_CTX_DAG_ID=carga_tb_carteira
AIRFLOW_CTX_TASK_ID=criando_datalake
AIRFLOW_CTX_EXECUTION_DATE=2022-10-28T23:08:41.781397+00:00
AIRFLOW_CTX_TRY_NUMBER=1
AIRFLOW_CTX_DAG_RUN_ID=manual__2022-10-28T23:08:41.781397+00:00
[2022-10-28T23:08:44.904+0000] {python.py:177} INFO - Done. Returned value was: None
[2022-10-28T23:08:44.910+0000] {taskinstance.py:1401} INFO - Marking task as SUCCESS. dag_id=carga_tb_carteira, task_id=criando_datalake, execution_date=20221028T230841, start_date=20221028T230844, end_date=20221028T230844
[2022-10-28T23:08:44.948+0000] {local_task_job.py:164} INFO - Task exited with return code 0
[2022-10-28T23:08:44.982+0000] {local_task_job.py:273} INFO - 1 downstream tasks scheduled from follow-on schedule check
