[2022-10-28T22:32:19.036+0000] {taskinstance.py:1165} INFO - Dependencies all met for <TaskInstance: carga_tb_carteira.criando_tabela_bigquery manual__2022-10-28T22:28:57.533945+00:00 [queued]>
[2022-10-28T22:32:19.045+0000] {taskinstance.py:1165} INFO - Dependencies all met for <TaskInstance: carga_tb_carteira.criando_tabela_bigquery manual__2022-10-28T22:28:57.533945+00:00 [queued]>
[2022-10-28T22:32:19.046+0000] {taskinstance.py:1362} INFO - 
--------------------------------------------------------------------------------
[2022-10-28T22:32:19.046+0000] {taskinstance.py:1363} INFO - Starting attempt 4 of 5
[2022-10-28T22:32:19.046+0000] {taskinstance.py:1364} INFO - 
--------------------------------------------------------------------------------
[2022-10-28T22:32:19.066+0000] {taskinstance.py:1383} INFO - Executing <Task(BigQueryCreateExternalTableOperator): criando_tabela_bigquery> on 2022-10-28 22:28:57.533945+00:00
[2022-10-28T22:32:19.071+0000] {standard_task_runner.py:55} INFO - Started process 17060 to run task
[2022-10-28T22:32:19.076+0000] {standard_task_runner.py:82} INFO - Running: ['airflow', 'tasks', 'run', 'carga_tb_carteira', 'criando_tabela_bigquery', 'manual__2022-10-28T22:28:57.533945+00:00', '--job-id', '73', '--raw', '--subdir', 'DAGS_FOLDER/carga_tb_carteira.py', '--cfg-path', '/tmp/tmpdyy6h3zw']
[2022-10-28T22:32:19.078+0000] {standard_task_runner.py:83} INFO - Job 73: Subtask criando_tabela_bigquery
[2022-10-28T22:32:19.134+0000] {task_command.py:376} INFO - Running <TaskInstance: carga_tb_carteira.criando_tabela_bigquery manual__2022-10-28T22:28:57.533945+00:00 [running]> on host cs-1097450612417-default
[2022-10-28T22:32:19.200+0000] {taskinstance.py:1590} INFO - Exporting the following env vars:
AIRFLOW_CTX_DAG_EMAIL=airflow@example.com
AIRFLOW_CTX_DAG_OWNER=Marcelo Henrique
AIRFLOW_CTX_DAG_ID=carga_tb_carteira
AIRFLOW_CTX_TASK_ID=criando_tabela_bigquery
AIRFLOW_CTX_EXECUTION_DATE=2022-10-28T22:28:57.533945+00:00
AIRFLOW_CTX_TRY_NUMBER=4
AIRFLOW_CTX_DAG_RUN_ID=manual__2022-10-28T22:28:57.533945+00:00
[2022-10-28T22:32:19.206+0000] {base.py:71} INFO - Using connection ID 'gcp_conn' for task execution.
[2022-10-28T22:32:19.698+0000] {taskinstance.py:1401} INFO - Marking task as SUCCESS. dag_id=carga_tb_carteira, task_id=criando_tabela_bigquery, execution_date=20221028T222857, start_date=20221028T223219, end_date=20221028T223219
[2022-10-28T22:32:19.728+0000] {local_task_job.py:164} INFO - Task exited with return code 0
[2022-10-28T22:32:19.743+0000] {local_task_job.py:273} INFO - 0 downstream tasks scheduled from follow-on schedule check
