[2022-10-28T21:54:23.419+0000] {taskinstance.py:1165} INFO - Dependencies all met for <TaskInstance: carga_tb_carteira.add_profit manual__2022-10-28T21:53:56.650712+00:00 [queued]>
[2022-10-28T21:54:23.428+0000] {taskinstance.py:1165} INFO - Dependencies all met for <TaskInstance: carga_tb_carteira.add_profit manual__2022-10-28T21:53:56.650712+00:00 [queued]>
[2022-10-28T21:54:23.428+0000] {taskinstance.py:1362} INFO - 
--------------------------------------------------------------------------------
[2022-10-28T21:54:23.428+0000] {taskinstance.py:1363} INFO - Starting attempt 1 of 2
[2022-10-28T21:54:23.428+0000] {taskinstance.py:1364} INFO - 
--------------------------------------------------------------------------------
[2022-10-28T21:54:23.445+0000] {taskinstance.py:1383} INFO - Executing <Task(PythonOperator): add_profit> on 2022-10-28 21:53:56.650712+00:00
[2022-10-28T21:54:23.450+0000] {standard_task_runner.py:55} INFO - Started process 8537 to run task
[2022-10-28T21:54:23.454+0000] {standard_task_runner.py:82} INFO - Running: ['airflow', 'tasks', 'run', 'carga_tb_carteira', 'add_profit', 'manual__2022-10-28T21:53:56.650712+00:00', '--job-id', '40', '--raw', '--subdir', 'DAGS_FOLDER/carga_tb_carteira.py', '--cfg-path', '/tmp/tmp9bgqyki8']
[2022-10-28T21:54:23.457+0000] {standard_task_runner.py:83} INFO - Job 40: Subtask add_profit
[2022-10-28T21:54:23.515+0000] {task_command.py:376} INFO - Running <TaskInstance: carga_tb_carteira.add_profit manual__2022-10-28T21:53:56.650712+00:00 [running]> on host cs-1097450612417-default
[2022-10-28T21:54:23.573+0000] {taskinstance.py:1590} INFO - Exporting the following env vars:
AIRFLOW_CTX_DAG_EMAIL=airflow@example.com
AIRFLOW_CTX_DAG_OWNER=Marcelo Henrique
AIRFLOW_CTX_DAG_ID=carga_tb_carteira
AIRFLOW_CTX_TASK_ID=add_profit
AIRFLOW_CTX_EXECUTION_DATE=2022-10-28T21:53:56.650712+00:00
AIRFLOW_CTX_TRY_NUMBER=1
AIRFLOW_CTX_DAG_RUN_ID=manual__2022-10-28T21:53:56.650712+00:00
[2022-10-28T21:54:23.594+0000] {python.py:177} INFO - Done. Returned value was: None
[2022-10-28T21:54:23.600+0000] {taskinstance.py:1401} INFO - Marking task as SUCCESS. dag_id=carga_tb_carteira, task_id=add_profit, execution_date=20221028T215356, start_date=20221028T215423, end_date=20221028T215423
[2022-10-28T21:54:23.629+0000] {local_task_job.py:164} INFO - Task exited with return code 0
[2022-10-28T21:54:23.643+0000] {local_task_job.py:273} INFO - 0 downstream tasks scheduled from follow-on schedule check
