[2022-10-28T22:21:49.686+0000] {taskinstance.py:1165} INFO - Dependencies all met for <TaskInstance: carga_tb_carteira.adicionando_cotacao_acao manual__2022-10-28T22:21:29.704070+00:00 [queued]>
[2022-10-28T22:21:49.695+0000] {taskinstance.py:1165} INFO - Dependencies all met for <TaskInstance: carga_tb_carteira.adicionando_cotacao_acao manual__2022-10-28T22:21:29.704070+00:00 [queued]>
[2022-10-28T22:21:49.695+0000] {taskinstance.py:1362} INFO - 
--------------------------------------------------------------------------------
[2022-10-28T22:21:49.695+0000] {taskinstance.py:1363} INFO - Starting attempt 1 of 2
[2022-10-28T22:21:49.695+0000] {taskinstance.py:1364} INFO - 
--------------------------------------------------------------------------------
[2022-10-28T22:21:49.714+0000] {taskinstance.py:1383} INFO - Executing <Task(PythonOperator): adicionando_cotacao_acao> on 2022-10-28 22:21:29.704070+00:00
[2022-10-28T22:21:49.720+0000] {standard_task_runner.py:55} INFO - Started process 14926 to run task
[2022-10-28T22:21:49.725+0000] {standard_task_runner.py:82} INFO - Running: ['airflow', 'tasks', 'run', 'carga_tb_carteira', 'adicionando_cotacao_acao', 'manual__2022-10-28T22:21:29.704070+00:00', '--job-id', '56', '--raw', '--subdir', 'DAGS_FOLDER/carga_tb_carteira.py', '--cfg-path', '/tmp/tmpqy_j9xdi']
[2022-10-28T22:21:49.728+0000] {standard_task_runner.py:83} INFO - Job 56: Subtask adicionando_cotacao_acao
[2022-10-28T22:21:49.787+0000] {task_command.py:376} INFO - Running <TaskInstance: carga_tb_carteira.adicionando_cotacao_acao manual__2022-10-28T22:21:29.704070+00:00 [running]> on host cs-1097450612417-default
[2022-10-28T22:21:49.852+0000] {taskinstance.py:1590} INFO - Exporting the following env vars:
AIRFLOW_CTX_DAG_EMAIL=airflow@example.com
AIRFLOW_CTX_DAG_OWNER=Marcelo Henrique
AIRFLOW_CTX_DAG_ID=carga_tb_carteira
AIRFLOW_CTX_TASK_ID=adicionando_cotacao_acao
AIRFLOW_CTX_EXECUTION_DATE=2022-10-28T22:21:29.704070+00:00
AIRFLOW_CTX_TRY_NUMBER=1
AIRFLOW_CTX_DAG_RUN_ID=manual__2022-10-28T22:21:29.704070+00:00
[2022-10-28T22:21:50.740+0000] {python.py:177} INFO - Done. Returned value was: None
[2022-10-28T22:21:50.745+0000] {taskinstance.py:1401} INFO - Marking task as SUCCESS. dag_id=carga_tb_carteira, task_id=adicionando_cotacao_acao, execution_date=20221028T222129, start_date=20221028T222149, end_date=20221028T222150
[2022-10-28T22:21:50.779+0000] {local_task_job.py:164} INFO - Task exited with return code 0
[2022-10-28T22:21:50.811+0000] {local_task_job.py:273} INFO - 1 downstream tasks scheduled from follow-on schedule check
